Determining if the pthread_create exist failed with the following output:
Change Dir: /mnt/c/Users/FaridLenovo/CLionProjects/SensorFusion/cmake-build-debug/CMakeFiles/CMakeTmp

Run Build Command:"/usr/bin/make" "cmTC_3f157/fast"
/usr/bin/make -f CMakeFiles/cmTC_3f157.dir/build.make CMakeFiles/cmTC_3f157.dir/build
make[1]: Entering directory '/mnt/c/Users/FaridLenovo/CLionProjects/SensorFusion/cmake-build-debug/CMakeFiles/CMakeTmp'
Building C object CMakeFiles/cmTC_3f157.dir/CheckSymbolExists.c.o
/usr/bin/cc    -o CMakeFiles/cmTC_3f157.dir/CheckSymbolExists.c.o   -c /mnt/c/Users/FaridLenovo/CLionProjects/SensorFusion/cmake-build-debug/CMakeFiles/CMakeTmp/CheckSymbolExists.c
Linking C executable cmTC_3f157
/usr/bin/cmake -E cmake_link_script CMakeFiles/cmTC_3f157.dir/link.txt --verbose=1
/usr/bin/cc      -rdynamic CMakeFiles/cmTC_3f157.dir/CheckSymbolExists.c.o  -o cmTC_3f157 
CMakeFiles/cmTC_3f157.dir/CheckSymbolExists.c.o: In function `main':
CheckSymbolExists.c:(.text+0x1b): undefined reference to `pthread_create'
collect2: error: ld returned 1 exit status
CMakeFiles/cmTC_3f157.dir/build.make:97: recipe for target 'cmTC_3f157' failed
make[1]: *** [cmTC_3f157] Error 1
make[1]: Leaving directory '/mnt/c/Users/FaridLenovo/CLionProjects/SensorFusion/cmake-build-debug/CMakeFiles/CMakeTmp'
Makefile:126: recipe for target 'cmTC_3f157/fast' failed
make: *** [cmTC_3f157/fast] Error 2

File /mnt/c/Users/FaridLenovo/CLionProjects/SensorFusion/cmake-build-debug/CMakeFiles/CMakeTmp/CheckSymbolExists.c:
/* */
#include <pthread.h>

int main(int argc, char** argv)
{
  (void)argv;
#ifndef pthread_create
  return ((int*)(&pthread_create))[argc];
#else
  (void)argc;
  return 0;
#endif
}

Determining if the function pthread_create exists in the pthreads failed with the following output:
Change Dir: /mnt/c/Users/FaridLenovo/CLionProjects/SensorFusion/cmake-build-debug/CMakeFiles/CMakeTmp

Run Build Command:"/usr/bin/make" "cmTC_6dc99/fast"
/usr/bin/make -f CMakeFiles/cmTC_6dc99.dir/build.make CMakeFiles/cmTC_6dc99.dir/build
make[1]: Entering directory '/mnt/c/Users/FaridLenovo/CLionProjects/SensorFusion/cmake-build-debug/CMakeFiles/CMakeTmp'
Building C object CMakeFiles/cmTC_6dc99.dir/CheckFunctionExists.c.o
/usr/bin/cc   -DCHECK_FUNCTION_EXISTS=pthread_create   -o CMakeFiles/cmTC_6dc99.dir/CheckFunctionExists.c.o   -c /usr/share/cmake-3.10/Modules/CheckFunctionExists.c
Linking C executable cmTC_6dc99
/usr/bin/cmake -E cmake_link_script CMakeFiles/cmTC_6dc99.dir/link.txt --verbose=1
/usr/bin/cc  -DCHECK_FUNCTION_EXISTS=pthread_create    -rdynamic CMakeFiles/cmTC_6dc99.dir/CheckFunctionExists.c.o  -o cmTC_6dc99 -lpthreads 
/usr/bin/ld: cannot find -lpthreads
collect2: error: ld returned 1 exit status
CMakeFiles/cmTC_6dc99.dir/build.make:97: recipe for target 'cmTC_6dc99' failed
make[1]: *** [cmTC_6dc99] Error 1
make[1]: Leaving directory '/mnt/c/Users/FaridLenovo/CLionProjects/SensorFusion/cmake-build-debug/CMakeFiles/CMakeTmp'
Makefile:126: recipe for target 'cmTC_6dc99/fast' failed
make: *** [cmTC_6dc99/fast] Error 2


